Arguments: 
  /usr/local/bin/node /Users/dark/.yarn/bin/yarn.js add docsify-plugin-search

PATH: 
  /Users/dark/.yarn/bin:/Users/dark/.config/yarn/global/node_modules/.bin:/usr/local/bin:/usr/bin:/bin:/usr/sbin:/sbin:/Users/dark/.yarn/bin:/Users/dark/.config/yarn/global/node_modules/.bin:/opt/homebrew/bin:/opt/homebrew/sbin

Yarn version: 
  1.22.5

Node version: 
  18.14.1

Platform: 
  darwin arm64

Trace: 
  SyntaxError: /Users/dark/xyj-blog/docs/package.json: Unexpected end of JSON input
      at JSON.parse (<anonymous>)
      at /Users/dark/.yarn/lib/cli.js:1625:59
      at Generator.next (<anonymous>)
      at step (/Users/dark/.yarn/lib/cli.js:310:30)
      at /Users/dark/.yarn/lib/cli.js:321:13

npm manifest: 
  

yarn manifest: 
  No manifest

Lockfile: 
  No lockfile
